<?xml version="1.0" encoding="UTF-8"?>
<testsuite name="com.FibonacciClassicTest" tests="1" skipped="0" failures="0" errors="0" timestamp="2025-01-24T13:59:00" hostname="DESKTOP-IGUT28S" time="0.003">
  <properties/>
  <testcase name="testFibonacci" classname="com.FibonacciClassicTest" time="0.003"/>
  <system-out><![CDATA[]]></system-out>
  <system-err><![CDATA[]]></system-err>
</testsuite>
